<?xml version="1.0" encoding="UTF-8"?>
<testng-results skipped="0" failed="0" ignored="0" total="3" passed="3">
  <reporter-output>
  </reporter-output>
  <suite name="Default suite" duration-ms="52077" started-at="2018-04-06T23:11:45Z" finished-at="2018-04-06T23:12:37Z">
    <groups>
    </groups>
    <test name="Default test" duration-ms="52077" started-at="2018-04-06T23:11:45Z" finished-at="2018-04-06T23:12:37Z">
      <class name="test.LoginTest">
        <test-method status="PASS" signature="setup()[pri:0, instance:test.LoginTest@23d2a7e8]" name="setup" is-config="true" duration-ms="51480" started-at="2018-04-06T23:11:45Z" finished-at="2018-04-06T23:12:37Z">
          <reporter-output>
          </reporter-output>
        </test-method> <!-- setup -->
        <test-method status="PASS" signature="verify2()[pri:1, instance:test.LoginTest@23d2a7e8]" name="verify2" duration-ms="316" started-at="2018-04-06T23:12:37Z" finished-at="2018-04-06T23:12:37Z">
          <reporter-output>
          </reporter-output>
        </test-method> <!-- verify2 -->
        <test-method status="PASS" signature="verify3()[pri:2, instance:test.LoginTest@23d2a7e8]" name="verify3" duration-ms="122" started-at="2018-04-06T23:12:37Z" finished-at="2018-04-06T23:12:37Z">
          <reporter-output>
          </reporter-output>
        </test-method> <!-- verify3 -->
        <test-method status="PASS" signature="verify1()[pri:5, instance:test.LoginTest@23d2a7e8]" name="verify1" duration-ms="77" started-at="2018-04-06T23:12:37Z" finished-at="2018-04-06T23:12:37Z">
          <reporter-output>
          </reporter-output>
        </test-method> <!-- verify1 -->
      </class> <!-- test.LoginTest -->
    </test> <!-- Default test -->
  </suite> <!-- Default suite -->
</testng-results>
